This file contains any messages produced by compilers while
running configure, to aid debugging if configure makes a mistake.

It was created by LLVM-TEST configure 3.2svn, which was
generated by GNU Autoconf 2.60.  Invocation command line was

  $ ./configure --with-llvmsrc=~/rpmbuild/BUILD/llvm/ --with-llvmobj=~/rpmbuild/BUILD/llvm/build/

## --------- ##
## Platform. ##
## --------- ##

hostname = hp2
uname -m = x86_64
uname -r = 2.6.32.12-0.7-default
uname -s = Linux
uname -v = #1 SMP 2010-05-20 11:14:20 +0200

/usr/bin/uname -p = unknown
/bin/uname -X     = unknown

/bin/arch              = x86_64
/usr/bin/arch -k       = unknown
/usr/convex/getsysinfo = unknown
/usr/bin/hostinfo      = unknown
/bin/machine           = unknown
/usr/bin/oslevel       = unknown
/bin/universe          = unknown

PATH: /usr/lib64/mpi/gcc/openmpi/bin
PATH: /opt/devel/cuda/bin
PATH: /opt/devel/pgi/linux86-64/2012/bin
PATH: /RHM/users/work/dmikushin/bin
PATH: /usr/local/bin
PATH: /usr/bin
PATH: /bin
PATH: /usr/bin/X11
PATH: /usr/X11R6/bin
PATH: /usr/games
PATH: /opt/kernelgen/bin
PATH: /opt/kernelgen/bin
PATH: /opt/kernelgen/bin
PATH: /opt/kernelgen/bin
PATH: /opt/kernelgen/bin
PATH: /opt/kernelgen/bin
PATH: /opt/kernelgen/bin
PATH: /usr/lib/mit/bin
PATH: /usr/lib/mit/sbin


## ----------- ##
## Core tests. ##
## ----------- ##

configure:2026: checking build system type
configure:2044: result: x86_64-unknown-linux-gnu
configure:2066: checking host system type
configure:2081: result: x86_64-unknown-linux-gnu
configure:2103: checking target system type
configure:2118: result: x86_64-unknown-linux-gnu
configure:2147: checking type of operating system we're going to target
configure:2193: result: Linux
configure:2199: checking target architecture
configure:2221: result: x86_64
configure:2286: checking for gcc
configure:2302: found /usr/bin/gcc
configure:2313: result: gcc
configure:2551: checking for C compiler version
configure:2558: gcc --version >&5
gcc (SUSE Linux) 4.3.4 [gcc-4_3-branch revision 152973]
Copyright (C) 2008 Free Software Foundation, Inc.
This is free software; see the source for copying conditions.  There is NO
warranty; not even for MERCHANTABILITY or FITNESS FOR A PARTICULAR PURPOSE.

configure:2561: $? = 0
configure:2568: gcc -v >&5
Using built-in specs.
Target: x86_64-suse-linux
Configured with: ../configure --prefix=/usr --infodir=/usr/share/info --mandir=/usr/share/man --libdir=/usr/lib64 --libexecdir=/usr/lib64 --enable-languages=c,c++,objc,fortran,obj-c++,java,ada --enable-checking=release --with-gxx-include-dir=/usr/include/c++/4.3 --enable-ssp --disable-libssp --with-bugurl=http://bugs.opensuse.org/ --with-pkgversion='SUSE Linux' --disable-libgcj --disable-libmudflap --with-slibdir=/lib64 --with-system-zlib --enable-__cxa_atexit --enable-libstdcxx-allocator=new --disable-libstdcxx-pch --enable-version-specific-runtime-libs --program-suffix=-4.3 --enable-linux-futex --without-system-libunwind --with-cpu=generic --build=x86_64-suse-linux
Thread model: posix
gcc version 4.3.4 [gcc-4_3-branch revision 152973] (SUSE Linux) 
configure:2571: $? = 0
configure:2578: gcc -V >&5
gcc: '-V' option must have argument
configure:2581: $? = 1
configure:2604: checking for C compiler default output file name
configure:2631: gcc    conftest.c  >&5
configure:2634: $? = 0
configure:2680: result: a.out
configure:2685: checking whether the C compiler works
configure:2695: ./a.out
configure:2698: $? = 0
configure:2715: result: yes
configure:2722: checking whether we are cross compiling
configure:2724: result: no
configure:2727: checking for suffix of executables
configure:2734: gcc -o conftest    conftest.c  >&5
configure:2737: $? = 0
configure:2761: result: 
configure:2767: checking for suffix of object files
configure:2793: gcc -c   conftest.c >&5
configure:2796: $? = 0
configure:2819: result: o
configure:2823: checking whether we are using the GNU C compiler
configure:2852: gcc -c   conftest.c >&5
configure:2858: $? = 0
configure:2865: test -z "$ac_c_werror_flag" || test ! -s conftest.err
configure:2868: $? = 0
configure:2875: test -s conftest.o
configure:2878: $? = 0
configure:2892: result: yes
configure:2897: checking whether gcc accepts -g
configure:2927: gcc -c -g  conftest.c >&5
configure:2933: $? = 0
configure:2940: test -z "$ac_c_werror_flag" || test ! -s conftest.err
configure:2943: $? = 0
configure:2950: test -s conftest.o
configure:2953: $? = 0
configure:3083: result: yes
configure:3100: checking for gcc option to accept ISO C89
configure:3174: gcc  -c -g -O2  conftest.c >&5
configure:3180: $? = 0
configure:3187: test -z "$ac_c_werror_flag" || test ! -s conftest.err
configure:3190: $? = 0
configure:3197: test -s conftest.o
configure:3200: $? = 0
configure:3220: result: none needed
configure:3244: checking how to run the C preprocessor
configure:3284: gcc -E  conftest.c
configure:3290: $? = 0
configure:3328: gcc -E  conftest.c
conftest.c:8:28: error: ac_nonexistent.h: No such file or directory
configure:3334: $? = 1
configure: failed program was:
| /* confdefs.h.  */
| #define PACKAGE_NAME "LLVM-TEST"
| #define PACKAGE_TARNAME "-llvm-test-"
| #define PACKAGE_VERSION "3.2svn"
| #define PACKAGE_STRING "LLVM-TEST 3.2svn"
| #define PACKAGE_BUGREPORT "llvmbugs@cs.uiuc.edu"
| /* end confdefs.h.  */
| #include <ac_nonexistent.h>
configure:3374: result: gcc -E
configure:3403: gcc -E  conftest.c
configure:3409: $? = 0
configure:3447: gcc -E  conftest.c
conftest.c:8:28: error: ac_nonexistent.h: No such file or directory
configure:3453: $? = 1
configure: failed program was:
| /* confdefs.h.  */
| #define PACKAGE_NAME "LLVM-TEST"
| #define PACKAGE_TARNAME "-llvm-test-"
| #define PACKAGE_VERSION "3.2svn"
| #define PACKAGE_STRING "LLVM-TEST 3.2svn"
| #define PACKAGE_BUGREPORT "llvmbugs@cs.uiuc.edu"
| /* end confdefs.h.  */
| #include <ac_nonexistent.h>
configure:3498: checking for grep that handles long lines and -e
configure:3572: result: /usr/bin/grep
configure:3577: checking for egrep
configure:3655: result: /usr/bin/grep -E
configure:3660: checking for ANSI C header files
configure:3690: gcc -c -g -O2  conftest.c >&5
configure:3696: $? = 0
configure:3703: test -z "$ac_c_werror_flag" || test ! -s conftest.err
configure:3706: $? = 0
configure:3713: test -s conftest.o
configure:3716: $? = 0
configure:3812: gcc -o conftest -g -O2   conftest.c  >&5
configure:3815: $? = 0
configure:3821: ./conftest
configure:3824: $? = 0
configure:3841: result: yes
configure:3865: checking for sys/types.h
configure:3886: gcc -c -g -O2  conftest.c >&5
configure:3892: $? = 0
configure:3899: test -z "$ac_c_werror_flag" || test ! -s conftest.err
configure:3902: $? = 0
configure:3909: test -s conftest.o
configure:3912: $? = 0
configure:3925: result: yes
configure:3865: checking for sys/stat.h
configure:3886: gcc -c -g -O2  conftest.c >&5
configure:3892: $? = 0
configure:3899: test -z "$ac_c_werror_flag" || test ! -s conftest.err
configure:3902: $? = 0
configure:3909: test -s conftest.o
configure:3912: $? = 0
configure:3925: result: yes
configure:3865: checking for stdlib.h
configure:3886: gcc -c -g -O2  conftest.c >&5
configure:3892: $? = 0
configure:3899: test -z "$ac_c_werror_flag" || test ! -s conftest.err
configure:3902: $? = 0
configure:3909: test -s conftest.o
configure:3912: $? = 0
configure:3925: result: yes
configure:3865: checking for string.h
configure:3886: gcc -c -g -O2  conftest.c >&5
configure:3892: $? = 0
configure:3899: test -z "$ac_c_werror_flag" || test ! -s conftest.err
configure:3902: $? = 0
configure:3909: test -s conftest.o
configure:3912: $? = 0
configure:3925: result: yes
configure:3865: checking for memory.h
configure:3886: gcc -c -g -O2  conftest.c >&5
configure:3892: $? = 0
configure:3899: test -z "$ac_c_werror_flag" || test ! -s conftest.err
configure:3902: $? = 0
configure:3909: test -s conftest.o
configure:3912: $? = 0
configure:3925: result: yes
configure:3865: checking for strings.h
configure:3886: gcc -c -g -O2  conftest.c >&5
configure:3892: $? = 0
configure:3899: test -z "$ac_c_werror_flag" || test ! -s conftest.err
configure:3902: $? = 0
configure:3909: test -s conftest.o
configure:3912: $? = 0
configure:3925: result: yes
configure:3865: checking for inttypes.h
configure:3886: gcc -c -g -O2  conftest.c >&5
configure:3892: $? = 0
configure:3899: test -z "$ac_c_werror_flag" || test ! -s conftest.err
configure:3902: $? = 0
configure:3909: test -s conftest.o
configure:3912: $? = 0
configure:3925: result: yes
configure:3865: checking for stdint.h
configure:3886: gcc -c -g -O2  conftest.c >&5
configure:3892: $? = 0
configure:3899: test -z "$ac_c_werror_flag" || test ! -s conftest.err
configure:3902: $? = 0
configure:3909: test -s conftest.o
configure:3912: $? = 0
configure:3925: result: yes
configure:3865: checking for unistd.h
configure:3886: gcc -c -g -O2  conftest.c >&5
configure:3892: $? = 0
configure:3899: test -z "$ac_c_werror_flag" || test ! -s conftest.err
configure:3902: $? = 0
configure:3909: test -s conftest.o
configure:3912: $? = 0
configure:3925: result: yes
configure:3937: checking whether byte ordering is bigendian
configure:3969: gcc -c -g -O2  conftest.c >&5
configure:3975: $? = 0
configure:3982: test -z "$ac_c_werror_flag" || test ! -s conftest.err
configure:3985: $? = 0
configure:3992: test -s conftest.o
configure:3995: $? = 0
configure:4024: gcc -c -g -O2  conftest.c >&5
conftest.c: In function 'main':
conftest.c:25: error: 'not' undeclared (first use in this function)
conftest.c:25: error: (Each undeclared identifier is reported only once
conftest.c:25: error: for each function it appears in.)
conftest.c:25: error: expected ';' before 'big'
configure:4030: $? = 1
configure: failed program was:
| /* confdefs.h.  */
| #define PACKAGE_NAME "LLVM-TEST"
| #define PACKAGE_TARNAME "-llvm-test-"
| #define PACKAGE_VERSION "3.2svn"
| #define PACKAGE_STRING "LLVM-TEST 3.2svn"
| #define PACKAGE_BUGREPORT "llvmbugs@cs.uiuc.edu"
| #define STDC_HEADERS 1
| #define HAVE_SYS_TYPES_H 1
| #define HAVE_SYS_STAT_H 1
| #define HAVE_STDLIB_H 1
| #define HAVE_STRING_H 1
| #define HAVE_MEMORY_H 1
| #define HAVE_STRINGS_H 1
| #define HAVE_INTTYPES_H 1
| #define HAVE_STDINT_H 1
| #define HAVE_UNISTD_H 1
| /* end confdefs.h.  */
| #include <sys/types.h>
| #include <sys/param.h>
| 
| int
| main ()
| {
| #if BYTE_ORDER != BIG_ENDIAN
|  not big endian
| #endif
| 
|   ;
|   return 0;
| }
configure:4204: result: no
configure:4275: checking clang compiler
configure:4309: result: none
configure:4327: checking LLVM capable compiler
configure:4343: result: none
configure:4369: checking for llvm-gcc
configure:4402: result: no
configure:4409: checking for llvm-g++
configure:4442: result: no
configure:4461: checking whether llvm-gcc is dragonegg
configure:4476: result: no
configure:4490: checking whether llvm-gcc is sane
configure:4506: result: no
configure:4536: checking for spec95 benchmark sources
configure:4564: result: no, not found in ~/rpmbuild/BUILD/llvm//projects/test-suite-externals/spec95/benchspec
configure:4574: checking for spec2000 benchmark sources
configure:4602: result: no, not found in ~/rpmbuild/BUILD/llvm//projects/test-suite-externals/speccpu2000/benchspec
configure:4612: checking for spec2006 benchmark sources
configure:4640: result: no, not found in ~/rpmbuild/BUILD/llvm//projects/test-suite-externals/speccpu2006/benchspec
configure:4650: checking for povray benchmark sources
configure:4678: result: no, not found in ~/rpmbuild/BUILD/llvm//projects/test-suite-externals/povray31
configure:4688: checking for namd benchmark sources
configure:4716: result: no, not found in ~/rpmbuild/BUILD/llvm//projects/test-suite-externals/spec_namd
configure:4726: checking for sweep3d benchmark sources
configure:4754: result: no, not found in ~/rpmbuild/BUILD/llvm//projects/test-suite-externals/sweep3d
configure:4764: checking for fpgrowth benchmark sources
configure:4792: result: no, not found in ~/rpmbuild/BUILD/llvm//projects/test-suite-externals/fpgrowth
configure:4802: checking for alp benchmark sources
configure:4830: result: no, not found in ~/rpmbuild/BUILD/llvm//projects/test-suite-externals/alp
configure:4840: checking for nurbs benchmark sources
configure:4868: result: no, not found in ~/rpmbuild/BUILD/llvm//projects/test-suite-externals/nurbs
configure:4878: checking for hmmer benchmark sources
configure:4906: result: no, not found in ~/rpmbuild/BUILD/llvm//projects/test-suite-externals/hmmer
configure:4916: checking for skidmarks10 benchmark sources
configure:4944: result: no, not found in ~/rpmbuild/BUILD/llvm//projects/test-suite-externals/skidmarks10
configure:5026: checking for g++
configure:5042: found /usr/bin/g++
configure:5053: result: g++
configure:5084: checking for C++ compiler version
configure:5091: g++ --version >&5
g++ (SUSE Linux) 4.3.4 [gcc-4_3-branch revision 152973]
Copyright (C) 2008 Free Software Foundation, Inc.
This is free software; see the source for copying conditions.  There is NO
warranty; not even for MERCHANTABILITY or FITNESS FOR A PARTICULAR PURPOSE.

configure:5094: $? = 0
configure:5101: g++ -v >&5
Using built-in specs.
Target: x86_64-suse-linux
Configured with: ../configure --prefix=/usr --infodir=/usr/share/info --mandir=/usr/share/man --libdir=/usr/lib64 --libexecdir=/usr/lib64 --enable-languages=c,c++,objc,fortran,obj-c++,java,ada --enable-checking=release --with-gxx-include-dir=/usr/include/c++/4.3 --enable-ssp --disable-libssp --with-bugurl=http://bugs.opensuse.org/ --with-pkgversion='SUSE Linux' --disable-libgcj --disable-libmudflap --with-slibdir=/lib64 --with-system-zlib --enable-__cxa_atexit --enable-libstdcxx-allocator=new --disable-libstdcxx-pch --enable-version-specific-runtime-libs --program-suffix=-4.3 --enable-linux-futex --without-system-libunwind --with-cpu=generic --build=x86_64-suse-linux
Thread model: posix
gcc version 4.3.4 [gcc-4_3-branch revision 152973] (SUSE Linux) 
configure:5104: $? = 0
configure:5111: g++ -V >&5
g++: '-V' option must have argument
configure:5114: $? = 1
configure:5117: checking whether we are using the GNU C++ compiler
configure:5146: g++ -c   conftest.cpp >&5
configure:5152: $? = 0
configure:5159: test -z "$ac_cxx_werror_flag" || test ! -s conftest.err
configure:5162: $? = 0
configure:5169: test -s conftest.o
configure:5172: $? = 0
configure:5186: result: yes
configure:5191: checking whether g++ accepts -g
configure:5221: g++ -c -g  conftest.cpp >&5
configure:5227: $? = 0
configure:5234: test -z "$ac_cxx_werror_flag" || test ! -s conftest.err
configure:5237: $? = 0
configure:5244: test -s conftest.o
configure:5247: $? = 0
configure:5377: result: yes
configure:5517: checking for C compiler version
configure:5524: gcc --version >&5
gcc (SUSE Linux) 4.3.4 [gcc-4_3-branch revision 152973]
Copyright (C) 2008 Free Software Foundation, Inc.
This is free software; see the source for copying conditions.  There is NO
warranty; not even for MERCHANTABILITY or FITNESS FOR A PARTICULAR PURPOSE.

configure:5527: $? = 0
configure:5534: gcc -v >&5
Using built-in specs.
Target: x86_64-suse-linux
Configured with: ../configure --prefix=/usr --infodir=/usr/share/info --mandir=/usr/share/man --libdir=/usr/lib64 --libexecdir=/usr/lib64 --enable-languages=c,c++,objc,fortran,obj-c++,java,ada --enable-checking=release --with-gxx-include-dir=/usr/include/c++/4.3 --enable-ssp --disable-libssp --with-bugurl=http://bugs.opensuse.org/ --with-pkgversion='SUSE Linux' --disable-libgcj --disable-libmudflap --with-slibdir=/lib64 --with-system-zlib --enable-__cxa_atexit --enable-libstdcxx-allocator=new --disable-libstdcxx-pch --enable-version-specific-runtime-libs --program-suffix=-4.3 --enable-linux-futex --without-system-libunwind --with-cpu=generic --build=x86_64-suse-linux
Thread model: posix
gcc version 4.3.4 [gcc-4_3-branch revision 152973] (SUSE Linux) 
configure:5537: $? = 0
configure:5544: gcc -V >&5
gcc: '-V' option must have argument
configure:5547: $? = 1
configure:5550: checking whether we are using the GNU C compiler
configure:5619: result: yes
configure:5624: checking whether gcc accepts -g
configure:5810: result: yes
configure:5827: checking for gcc option to accept ISO C89
configure:5947: result: none needed
configure:5970: checking how to run the C preprocessor
configure:6100: result: gcc -E
configure:6129: gcc -E  conftest.c
configure:6135: $? = 0
configure:6173: gcc -E  conftest.c
conftest.c:18:28: error: ac_nonexistent.h: No such file or directory
configure:6179: $? = 1
configure: failed program was:
| /* confdefs.h.  */
| #define PACKAGE_NAME "LLVM-TEST"
| #define PACKAGE_TARNAME "-llvm-test-"
| #define PACKAGE_VERSION "3.2svn"
| #define PACKAGE_STRING "LLVM-TEST 3.2svn"
| #define PACKAGE_BUGREPORT "llvmbugs@cs.uiuc.edu"
| #define STDC_HEADERS 1
| #define HAVE_SYS_TYPES_H 1
| #define HAVE_SYS_STAT_H 1
| #define HAVE_STDLIB_H 1
| #define HAVE_STRING_H 1
| #define HAVE_MEMORY_H 1
| #define HAVE_STRINGS_H 1
| #define HAVE_INTTYPES_H 1
| #define HAVE_STDINT_H 1
| #define HAVE_UNISTD_H 1
| /* end confdefs.h.  */
| #include <ac_nonexistent.h>
configure:6225: checking for GNU make
configure:6240: result: make
configure:6329: checking for a sed that does not truncate output
configure:6383: result: /usr/bin/sed
configure:6397: checking for ld used by gcc
configure:6464: result: /usr/x86_64-suse-linux/bin/ld
configure:6473: checking if the linker (/usr/x86_64-suse-linux/bin/ld) is GNU ld
configure:6488: result: yes
configure:6493: checking for /usr/x86_64-suse-linux/bin/ld option to reload object files
configure:6500: result: -r
configure:6518: checking for BSD-compatible nm
configure:6567: result: /usr/bin/nm -B
configure:6571: checking whether ln -s works
configure:6575: result: yes
configure:6582: checking how to recognise dependent libraries
configure:6758: result: pass_all
configure:6845: gcc -c -g -O2  conftest.c >&5
configure:6848: $? = 0
configure:7017: checking dlfcn.h usability
configure:7034: gcc -c -g -O2  conftest.c >&5
configure:7040: $? = 0
configure:7047: test -z "$ac_c_werror_flag" || test ! -s conftest.err
configure:7050: $? = 0
configure:7057: test -s conftest.o
configure:7060: $? = 0
configure:7071: result: yes
configure:7075: checking dlfcn.h presence
configure:7090: gcc -E  conftest.c
configure:7096: $? = 0
configure:7117: result: yes
configure:7150: checking for dlfcn.h
configure:7158: result: yes
configure:7181: checking how to run the C++ preprocessor
configure:7217: g++ -E  conftest.cpp
configure:7223: $? = 0
configure:7261: g++ -E  conftest.cpp
conftest.cpp:19:28: error: ac_nonexistent.h: No such file or directory
configure:7267: $? = 1
configure: failed program was:
| /* confdefs.h.  */
| #define PACKAGE_NAME "LLVM-TEST"
| #define PACKAGE_TARNAME "-llvm-test-"
| #define PACKAGE_VERSION "3.2svn"
| #define PACKAGE_STRING "LLVM-TEST 3.2svn"
| #define PACKAGE_BUGREPORT "llvmbugs@cs.uiuc.edu"
| #define STDC_HEADERS 1
| #define HAVE_SYS_TYPES_H 1
| #define HAVE_SYS_STAT_H 1
| #define HAVE_STDLIB_H 1
| #define HAVE_STRING_H 1
| #define HAVE_MEMORY_H 1
| #define HAVE_STRINGS_H 1
| #define HAVE_INTTYPES_H 1
| #define HAVE_STDINT_H 1
| #define HAVE_UNISTD_H 1
| #define HAVE_DLFCN_H 1
| /* end confdefs.h.  */
| #include <ac_nonexistent.h>
configure:7307: result: g++ -E
configure:7336: g++ -E  conftest.cpp
configure:7342: $? = 0
configure:7380: g++ -E  conftest.cpp
conftest.cpp:19:28: error: ac_nonexistent.h: No such file or directory
configure:7386: $? = 1
configure: failed program was:
| /* confdefs.h.  */
| #define PACKAGE_NAME "LLVM-TEST"
| #define PACKAGE_TARNAME "-llvm-test-"
| #define PACKAGE_VERSION "3.2svn"
| #define PACKAGE_STRING "LLVM-TEST 3.2svn"
| #define PACKAGE_BUGREPORT "llvmbugs@cs.uiuc.edu"
| #define STDC_HEADERS 1
| #define HAVE_SYS_TYPES_H 1
| #define HAVE_SYS_STAT_H 1
| #define HAVE_STDLIB_H 1
| #define HAVE_STRING_H 1
| #define HAVE_MEMORY_H 1
| #define HAVE_STRINGS_H 1
| #define HAVE_INTTYPES_H 1
| #define HAVE_STDINT_H 1
| #define HAVE_UNISTD_H 1
| #define HAVE_DLFCN_H 1
| /* end confdefs.h.  */
| #include <ac_nonexistent.h>
configure:7486: checking for g77
configure:7516: result: no
configure:7486: checking for f77
configure:7516: result: no
configure:7486: checking for xlf
configure:7516: result: no
configure:7486: checking for frt
configure:7516: result: no
configure:7486: checking for pgf77
configure:7502: found /opt/devel/pgi/linux86-64/2012/bin/pgf77
configure:7513: result: pgf77
configure:7543: checking for Fortran 77 compiler version
configure:7550: pgf77 --version >&5

pgf77 12.1-0 64-bit target on x86-64 Linux -tp nehalem 
Copyright 1989-2000, The Portland Group, Inc.  All Rights Reserved.
Copyright 2000-2012, STMicroelectronics, Inc.  All Rights Reserved.
configure:7553: $? = 0
configure:7560: pgf77 -v >&5
pgf77-Warning-No files to process
configure:7563: $? = 0
configure:7570: pgf77 -V >&5

pgf77 12.1-0 64-bit target on x86-64 Linux -tp nehalem 
Copyright 1989-2000, The Portland Group, Inc.  All Rights Reserved.
Copyright 2000-2012, STMicroelectronics, Inc.  All Rights Reserved.
configure:7573: $? = 0
configure:7581: checking whether we are using the GNU Fortran 77 compiler
configure:7600: pgf77 -c  conftest.F >&5
pgi-f77-lin64: LICENSE MANAGER PROBLEM: Cannot find license file.
 The license files (or license server system network addresses) attempted are 
listed below.  Use LM_LICENSE_FILE to use a different license file,
 or contact your software provider for a license file.
Feature:       pgi-f77-lin64
Filename:      /opt/devel/pgi/license.dat
License path:  /opt/devel/pgi/license.dat:
FLEXnet Licensing error:-1,359.  System Error: 2 "No such file or directory"
For further information, refer to the FLEXnet Licensing documentation,
available at "www.flexerasoftware.com".
configure:7606: $? = 2
configure: failed program was:
|       program main
| #ifndef __GNUC__
|        choke me
| #endif
| 
|       end
configure:7640: result: no
configure:7646: checking whether pgf77 accepts -g
configure:7663: pgf77 -c -g conftest.f >&5
pgi-f77-lin64: LICENSE MANAGER PROBLEM: Cannot find license file.
 The license files (or license server system network addresses) attempted are 
listed below.  Use LM_LICENSE_FILE to use a different license file,
 or contact your software provider for a license file.
Feature:       pgi-f77-lin64
Filename:      /opt/devel/pgi/license.dat
License path:  /opt/devel/pgi/license.dat:
FLEXnet Licensing error:-1,359.  System Error: 2 "No such file or directory"
For further information, refer to the FLEXnet Licensing documentation,
available at "www.flexerasoftware.com".
configure:7669: $? = 2
configure: failed program was:
|       program main
| 
|       end
configure:7702: result: no
configure:7732: checking the maximum length of command line arguments
configure:7841: result: 32768
configure:7852: checking command to parse /usr/bin/nm -B output from gcc object
configure:7957: gcc -c -g -O2  conftest.c >&5
configure:7960: $? = 0
configure:7964: /usr/bin/nm -B conftest.o \| sed -n -e 's/^.*[ 	]\([ABCDGIRSTW][ABCDGIRSTW]*\)[ 	][ 	]*\([_A-Za-z][_A-Za-z0-9]*\)$/\1 \2 \2/p' \> conftest.nm
configure:7967: $? = 0
configure:8019: gcc -o conftest -g -O2   conftest.c conftstm.o >&5
configure:8022: $? = 0
configure:8060: result: ok
configure:8064: checking for objdir
configure:8079: result: .libs
configure:8171: checking for ar
configure:8187: found /usr/bin/ar
configure:8198: result: ar
configure:8267: checking for ranlib
configure:8283: found /usr/bin/ranlib
configure:8294: result: ranlib
configure:8363: checking for strip
configure:8379: found /usr/bin/strip
configure:8390: result: strip
configure:8676: checking if gcc supports -fno-rtti -fno-exceptions
configure:8789: gcc -c -g -O2  -fno-rtti -fno-exceptions conftest.c >&5
cc1: warning: command line option "-fno-rtti" is valid for C++/ObjC++ but not for C
configure:8793: $? = 0
configure:8711: result: no
configure:8726: checking for gcc option to produce PIC
configure:8936: result: -fPIC
configure:8944: checking if gcc PIC flag -fPIC works
configure:9057: gcc -c -g -O2  -fPIC -DPIC conftest.c >&5
configure:9061: $? = 0
configure:8979: result: yes
configure:9007: checking if gcc static flag -static works
configure:9035: result: yes
configure:9045: checking if gcc supports -c -o file.o
configure:9161: gcc -c -g -O2  -o out/conftest2.o conftest.c >&5
configure:9165: $? = 0
configure:9092: result: yes
configure:9118: checking whether the gcc linker (/usr/x86_64-suse-linux/bin/ld -m elf_x86_64) supports shared libraries
configure:10104: result: yes
configure:10125: checking whether -lc should be explicitly linked in
configure:10130: gcc -c -g -O2  conftest.c >&5
configure:10133: $? = 0
configure:10148: gcc -shared conftest.o  -v -Wl,-soname -Wl,conftest -o conftest 2\>\&1 \| grep  -lc  \>/dev/null 2\>\&1
configure:10151: $? = 0
configure:10163: result: no
configure:10171: checking dynamic linker characteristics
configure:10759: result: GNU/Linux ld.so
configure:10768: checking how to hardcode library paths into programs
configure:10793: result: immediate
configure:10807: checking whether stripping libraries is possible
configure:10812: result: yes
configure:11725: checking if libtool supports shared libraries
configure:11727: result: yes
configure:11730: checking whether to build shared libraries
configure:11751: result: yes
configure:11754: checking whether to build static libraries
configure:11758: result: yes
configure:11850: creating mklib
configure:12438: checking for ld used by g++
configure:12505: result: /usr/x86_64-suse-linux/bin/ld -m elf_x86_64
configure:12514: checking if the linker (/usr/x86_64-suse-linux/bin/ld -m elf_x86_64) is GNU ld
configure:12529: result: yes
configure:12580: checking whether the g++ linker (/usr/x86_64-suse-linux/bin/ld -m elf_x86_64) supports shared libraries
configure:13546: result: yes
configure:13564: g++ -c -g -O2  conftest.cpp >&5
configure:13567: $? = 0
configure:13686: checking for g++ option to produce PIC
configure:13960: result: -fPIC
configure:13968: checking if g++ PIC flag -fPIC works
configure:14081: g++ -c -g -O2  -fPIC -DPIC conftest.cpp >&5
configure:14085: $? = 0
configure:14003: result: yes
configure:14031: checking if g++ static flag -static works
configure:14059: result: yes
configure:14069: checking if g++ supports -c -o file.o
configure:14185: g++ -c -g -O2  -o out/conftest2.o conftest.cpp >&5
configure:14189: $? = 0
configure:14116: result: yes
configure:14142: checking whether the g++ linker (/usr/x86_64-suse-linux/bin/ld -m elf_x86_64) supports shared libraries
configure:14167: result: yes
configure:14234: checking dynamic linker characteristics
configure:14822: result: GNU/Linux ld.so
configure:14831: checking how to hardcode library paths into programs
configure:14856: result: immediate
configure:15382: checking if libtool supports shared libraries
configure:15384: result: yes
configure:15387: checking whether to build shared libraries
configure:15407: result: yes
configure:15410: checking whether to build static libraries
configure:15414: result: yes
configure:15424: checking for pgf77 option to produce PIC
configure:15634: result: -fPIC
configure:15642: checking if pgf77 PIC flag -fPIC works
configure:15755: pgf77 -c  -fPIC conftest.f >&5
pgi-f77-lin64: LICENSE MANAGER PROBLEM: Cannot find license file.
 The license files (or license server system network addresses) attempted are 
listed below.  Use LM_LICENSE_FILE to use a different license file,
 or contact your software provider for a license file.
Feature:       pgi-f77-lin64
Filename:      /opt/devel/pgi/license.dat
License path:  /opt/devel/pgi/license.dat:
FLEXnet Licensing error:-1,359.  System Error: 2 "No such file or directory"
For further information, refer to the FLEXnet Licensing documentation,
available at "www.flexerasoftware.com".
configure:15759: $? = 2
configure:15677: result: no
configure:15705: checking if pgf77 static flag -static works
configure:15733: result: no
configure:15743: checking if pgf77 supports -c -o file.o
configure:15859: pgf77 -c  -o out/conftest2.o conftest.f >&5
pgi-f77-lin64: LICENSE MANAGER PROBLEM: Cannot find license file.
 The license files (or license server system network addresses) attempted are 
listed below.  Use LM_LICENSE_FILE to use a different license file,
 or contact your software provider for a license file.
Feature:       pgi-f77-lin64
Filename:      /opt/devel/pgi/license.dat
License path:  /opt/devel/pgi/license.dat:
FLEXnet Licensing error:-1,359.  System Error: 2 "No such file or directory"
For further information, refer to the FLEXnet Licensing documentation,
available at "www.flexerasoftware.com".
configure:15863: $? = 2
configure:15790: result: no
configure:15816: checking whether the pgf77 linker (/usr/x86_64-suse-linux/bin/ld -m elf_x86_64) supports shared libraries
configure:16782: result: yes
configure:16849: checking dynamic linker characteristics
configure:17437: result: GNU/Linux ld.so
configure:17446: checking how to hardcode library paths into programs
configure:17471: result: immediate
configure:21073: checking for f2c bin/lib/include locations
configure:21326: result: no
configure:21333: checking for nag-fortran bin/lib/include locations
configure:21586: result: no
configure:21592: checking sanity for program f95
configure:21616: result: not found
configure:21633: checking for sys/wait.h that is POSIX.1 compatible
configure:21669: gcc -c -g -O2  conftest.c >&5
configure:21675: $? = 0
configure:21682: test -z "$ac_c_werror_flag" || test ! -s conftest.err
configure:21685: $? = 0
configure:21692: test -s conftest.o
configure:21695: $? = 0
configure:21707: result: yes
configure:21718: checking for compiler -Wl,-R<path> option
configure:21752: gcc -o conftest -g -O2 -Wl,-R.   conftest.c  >&5
configure:21758: $? = 0
configure:21765: test -z "$ac_c_werror_flag" || test ! -s conftest.err
configure:21768: $? = 0
configure:21775: test -s conftest
configure:21778: $? = 0
configure:21799: result: yes
configure:21810: checking for re_comp
configure:21866: gcc -o conftest -g -O2   conftest.c  >&5
configure:21872: $? = 0
configure:21879: test -z "$ac_c_werror_flag" || test ! -s conftest.err
configure:21882: $? = 0
configure:21889: test -s conftest
configure:21892: $? = 0
configure:21905: result: yes
configure:21917: checking which extension is used for loadable modules
configure:21927: result: .so
configure:22070: creating ./config.status

## ---------------------- ##
## Running config.status. ##
## ---------------------- ##

This file was extended by LLVM-TEST config.status 3.2svn, which was
generated by GNU Autoconf 2.60.  Invocation command line was

  CONFIG_FILES    = 
  CONFIG_HEADERS  = 
  CONFIG_LINKS    = 
  CONFIG_COMMANDS = 
  $ ./config.status 

on hp2

config.status:694: creating Makefile.config
config.status:874: executing setup commands
config.status:874: executing Makefile commands
config.status:874: executing Makefile.common commands
config.status:874: executing Makefile.programs commands
config.status:874: executing Makefile.tests commands
config.status:874: executing behavior/Makefile commands
config.status:874: executing behavior/Makefile.multisrc commands

## ---------------- ##
## Cache variables. ##
## ---------------- ##

ac_cv_build=x86_64-unknown-linux-gnu
ac_cv_c_bigendian=no
ac_cv_c_compiler_gnu=yes
ac_cv_cxx_compiler_gnu=yes
ac_cv_env_CCC_set=
ac_cv_env_CCC_value=
ac_cv_env_CC_set=
ac_cv_env_CC_value=
ac_cv_env_CFLAGS_set=
ac_cv_env_CFLAGS_value=
ac_cv_env_CPPFLAGS_set=
ac_cv_env_CPPFLAGS_value=
ac_cv_env_CPP_set=
ac_cv_env_CPP_value=
ac_cv_env_CXXCPP_set=
ac_cv_env_CXXCPP_value=
ac_cv_env_CXXFLAGS_set=
ac_cv_env_CXXFLAGS_value=
ac_cv_env_CXX_set=
ac_cv_env_CXX_value=
ac_cv_env_F77_set=
ac_cv_env_F77_value=
ac_cv_env_FFLAGS_set=
ac_cv_env_FFLAGS_value=
ac_cv_env_LDFLAGS_set=
ac_cv_env_LDFLAGS_value=
ac_cv_env_build_alias_set=
ac_cv_env_build_alias_value=
ac_cv_env_host_alias_set=
ac_cv_env_host_alias_value=
ac_cv_env_target_alias_set=
ac_cv_env_target_alias_value=
ac_cv_f77_compiler_gnu=no
ac_cv_func_re_comp=yes
ac_cv_header_dlfcn_h=yes
ac_cv_header_inttypes_h=yes
ac_cv_header_memory_h=yes
ac_cv_header_stdc=yes
ac_cv_header_stdint_h=yes
ac_cv_header_stdlib_h=yes
ac_cv_header_string_h=yes
ac_cv_header_strings_h=yes
ac_cv_header_sys_stat_h=yes
ac_cv_header_sys_types_h=yes
ac_cv_header_sys_wait_h=yes
ac_cv_header_unistd_h=yes
ac_cv_host=x86_64-unknown-linux-gnu
ac_cv_objext=o
ac_cv_path_EGREP='/usr/bin/grep -E'
ac_cv_path_GREP=/usr/bin/grep
ac_cv_prog_CPP='gcc -E'
ac_cv_prog_CXXCPP='g++ -E'
ac_cv_prog_ac_ct_AR=ar
ac_cv_prog_ac_ct_CC=gcc
ac_cv_prog_ac_ct_CXX=g++
ac_cv_prog_ac_ct_F77=pgf77
ac_cv_prog_ac_ct_RANLIB=ranlib
ac_cv_prog_ac_ct_STRIP=strip
ac_cv_prog_cc_c89=
ac_cv_prog_cc_g=yes
ac_cv_prog_cxx_g=yes
ac_cv_prog_f77_g=no
ac_cv_target=x86_64-unknown-linux-gnu
libltdl_cv_shlibext=.so
llvm_cv_gnu_make_command=make
llvm_cv_link_use_r=yes
llvm_cv_llvmgcc_dragonegg=no
llvm_cv_llvmgcc_sanity=no
llvm_cv_target_arch=x86_64
llvm_cv_target_os_type=Linux
lt_cv_deplibs_check_method=pass_all
lt_cv_file_magic_cmd='$MAGIC_CMD'
lt_cv_file_magic_test_file=
lt_cv_ld_reload_flag=-r
lt_cv_objdir=.libs
lt_cv_path_LD=/usr/x86_64-suse-linux/bin/ld
lt_cv_path_LDCXX='/usr/x86_64-suse-linux/bin/ld -m elf_x86_64'
lt_cv_path_NM='/usr/bin/nm -B'
lt_cv_path_SED=/usr/bin/sed
lt_cv_prog_compiler_c_o=yes
lt_cv_prog_compiler_c_o_CXX=yes
lt_cv_prog_compiler_c_o_F77=no
lt_cv_prog_compiler_rtti_exceptions=no
lt_cv_prog_gnu_ld=yes
lt_cv_prog_gnu_ldcxx=yes
lt_cv_sys_global_symbol_pipe='sed -n -e '\''s/^.*[ 	]\([ABCDGIRSTW][ABCDGIRSTW]*\)[ 	][ 	]*\([_A-Za-z][_A-Za-z0-9]*\)$/\1 \2 \2/p'\'''
lt_cv_sys_global_symbol_to_c_name_address='sed -n -e '\''s/^: \([^ ]*\) $/  {\"\1\", (lt_ptr) 0},/p'\'' -e '\''s/^[BCDEGRST] \([^ ]*\) \([^ ]*\)$/  {"\2", (lt_ptr) \&\2},/p'\'''
lt_cv_sys_global_symbol_to_cdecl='sed -n -e '\''s/^. .* \(.*\)$/extern int \1;/p'\'''
lt_cv_sys_max_cmd_len=32768
lt_lt_cv_prog_compiler_c_o='"yes"'
lt_lt_cv_prog_compiler_c_o_CXX='"yes"'
lt_lt_cv_prog_compiler_c_o_F77='"no"'
lt_lt_cv_sys_global_symbol_pipe='"sed -n -e '\''s/^.*[ 	]\\([ABCDGIRSTW][ABCDGIRSTW]*\\)[ 	][ 	]*\\([_A-Za-z][_A-Za-z0-9]*\\)\$/\\1 \\2 \\2/p'\''"'
lt_lt_cv_sys_global_symbol_to_c_name_address='"sed -n -e '\''s/^: \\([^ ]*\\) \$/  {\\\"\\1\\\", (lt_ptr) 0},/p'\'' -e '\''s/^[BCDEGRST] \\([^ ]*\\) \\([^ ]*\\)\$/  {\"\\2\", (lt_ptr) \\&\\2},/p'\''"'
lt_lt_cv_sys_global_symbol_to_cdecl='"sed -n -e '\''s/^. .* \\(.*\\)\$/extern int \\1;/p'\''"'

## ----------------- ##
## Output variables. ##
## ----------------- ##

ALP_ROOT=''
AR='ar'
ARCH='x86_64'
CC='gcc'
CFLAGS='-g -O2'
CLANGPATH=''
CLANGXXPATH=''
CPP='gcc -E'
CPPFLAGS=''
CXX='g++'
CXXCPP='g++ -E'
CXXFLAGS='-g -O2'
DEFS='-DPACKAGE_NAME=\"LLVM-TEST\" -DPACKAGE_TARNAME=\"-llvm-test-\" -DPACKAGE_VERSION=\"3.2svn\" -DPACKAGE_STRING=\"LLVM-TEST\ 3.2svn\" -DPACKAGE_BUGREPORT=\"llvmbugs@cs.uiuc.edu\" -DSTDC_HEADERS=1 -DHAVE_SYS_TYPES_H=1 -DHAVE_SYS_STAT_H=1 -DHAVE_STDLIB_H=1 -DHAVE_STRING_H=1 -DHAVE_MEMORY_H=1 -DHAVE_STRINGS_H=1 -DHAVE_INTTYPES_H=1 -DHAVE_STDINT_H=1 -DHAVE_UNISTD_H=1 -DHAVE_DLFCN_H=1 -DHAVE_SYS_WAIT_H=1 -DHAVE_LINK_R=1 -DLTDL_SHLIB_EXT=\".so\"'
DISABLE_LLC_DIFFS=''
ECHO='echo'
ECHO_C=''
ECHO_N='-n'
ECHO_T=''
EGREP='/usr/bin/grep -E'
ENABLE_BUILT_CLANG='0'
ENDIAN='little'
EXEEXT=''
F2C=''
F2C_BIN=''
F2C_DIR=''
F2C_INC=''
F2C_LIB=''
F77='pgf77'
F95=''
F95_BIN=''
F95_DIR=''
F95_INC=''
F95_LIB=''
FFLAGS=''
FPGROWTH_ROOT=''
GREP='/usr/bin/grep'
HAVE_RE_COMP='HAVE_RE_COMP:=1'
HMMER_ROOT=''
LDFLAGS=''
LIBOBJS=''
LIBS=''
LIBTOOL='$(SHELL) $(top_builddir)/mklib'
LLVMCC1=''
LLVMCC1PLUS=''
LLVMCC_DISABLEOPT_FLAGS='-mllvm -disable-llvm-optzns'
LLVMCC_EMITIR_FLAG='-emit-llvm'
LLVMCC_OPTION='none'
LLVMGCC=''
LLVMGCCDIR=''
LLVMGCC_DRAGONEGG=''
LLVMGCC_LANGS=''
LLVMGXX=''
LLVM_EXTERNALS='~/rpmbuild/BUILD/llvm//projects/test-suite-externals'
LLVM_OBJ='~/rpmbuild/BUILD/llvm/build/'
LLVM_SRC='~/rpmbuild/BUILD/llvm/'
LN_S='ln -s'
LTLIBOBJS=''
NAMD_ROOT=''
NURBS_ROOT=''
OBJEXT='o'
PACKAGE_BUGREPORT='llvmbugs@cs.uiuc.edu'
PACKAGE_NAME='LLVM-TEST'
PACKAGE_STRING='LLVM-TEST 3.2svn'
PACKAGE_TARNAME='-llvm-test-'
PACKAGE_VERSION='3.2svn'
PATH_SEPARATOR=':'
POVRAY_ROOT=''
RANLIB='ranlib'
SHELL='/bin/sh'
SHLIBEXT='.so'
SKIDMARKS10_ROOT=''
SPEC2000_ROOT=''
SPEC2006_ROOT=''
SPEC95_ROOT=''
STRIP='strip'
SWEEP3D_ROOT=''
TARGET_OS='Linux'
USE_ALP=''
USE_F2C=''
USE_F95=''
USE_FPGROWTH=''
USE_HMMER=''
USE_NAMD=''
USE_NURBS=''
USE_POVRAY=''
USE_SKIDMARKS10=''
USE_SPEC2000=''
USE_SPEC2006=''
USE_SPEC95=''
USE_SWEEP3D=''
ac_ct_CC='gcc'
ac_ct_CXX='g++'
ac_ct_F77='pgf77'
bindir='${exec_prefix}/bin'
build='x86_64-unknown-linux-gnu'
build_alias=''
build_cpu='x86_64'
build_os='linux-gnu'
build_vendor='unknown'
datadir='${datarootdir}'
datarootdir='${prefix}/share'
docdir='${datarootdir}/doc/${PACKAGE_TARNAME}'
dvidir='${docdir}'
exec_prefix='${prefix}'
host='x86_64-unknown-linux-gnu'
host_alias=''
host_cpu='x86_64'
host_os='linux-gnu'
host_vendor='unknown'
htmldir='${docdir}'
ifGNUmake=''
includedir='${prefix}/include'
infodir='${datarootdir}/info'
libdir='${exec_prefix}/lib'
libexecdir='${exec_prefix}/libexec'
localedir='${datarootdir}/locale'
localstatedir='${prefix}/var'
mandir='${datarootdir}/man'
oldincludedir='/usr/include'
pdfdir='${docdir}'
prefix='/usr/local'
program_transform_name='s,x,x,'
psdir='${docdir}'
sbindir='${exec_prefix}/sbin'
sharedstatedir='${prefix}/com'
sysconfdir='${prefix}/etc'
target='x86_64-unknown-linux-gnu'
target_alias=''
target_cpu='x86_64'
target_os='linux-gnu'
target_vendor='unknown'

## ----------- ##
## confdefs.h. ##
## ----------- ##

#define PACKAGE_NAME "LLVM-TEST"
#define PACKAGE_TARNAME "-llvm-test-"
#define PACKAGE_VERSION "3.2svn"
#define PACKAGE_STRING "LLVM-TEST 3.2svn"
#define PACKAGE_BUGREPORT "llvmbugs@cs.uiuc.edu"
#define STDC_HEADERS 1
#define HAVE_SYS_TYPES_H 1
#define HAVE_SYS_STAT_H 1
#define HAVE_STDLIB_H 1
#define HAVE_STRING_H 1
#define HAVE_MEMORY_H 1
#define HAVE_STRINGS_H 1
#define HAVE_INTTYPES_H 1
#define HAVE_STDINT_H 1
#define HAVE_UNISTD_H 1
#define HAVE_DLFCN_H 1
#define HAVE_SYS_WAIT_H 1
#define HAVE_LINK_R 1
#define LTDL_SHLIB_EXT ".so"

configure: exit 0
